  Flock.cpp
C:\VS Projects\EvoSim\EvoSim\src\Organism.h(34,9): error C2039: 'CircleShape': is not a member of 'sf'
C:\VS Projects\EvoSim\EvoSim\include\SFML\System\Vector3.hpp(29): message : see declaration of 'sf'
C:\VS Projects\EvoSim\EvoSim\src\Organism.h(34,21): error C3646: 'm_body': unknown override specifier
C:\VS Projects\EvoSim\EvoSim\src\Organism.h(34,27): error C4430: missing type specifier - int assumed. Note: C++ does not support default-int
C:\VS Projects\EvoSim\EvoSim\src\Flock.cpp(39,23): warning C4018: '<': signed/unsigned mismatch
C:\VS Projects\EvoSim\EvoSim\src\Flock.cpp(45,23): warning C4018: '<': signed/unsigned mismatch
  Gui.cpp
C:\VS Projects\EvoSim\EvoSim\src\Organism.h(34,9): error C2039: 'CircleShape': is not a member of 'sf'
C:\VS Projects\EvoSim\EvoSim\include\SFML\System\Vector3.hpp(29): message : see declaration of 'sf'
C:\VS Projects\EvoSim\EvoSim\src\Organism.h(34,21): error C3646: 'm_body': unknown override specifier
C:\VS Projects\EvoSim\EvoSim\src\Organism.h(34,27): error C4430: missing type specifier - int assumed. Note: C++ does not support default-int
C:\VS Projects\EvoSim\EvoSim\src\Gui.cpp(57,43): warning C4244: 'argument': conversion from 'int' to 'float', possible loss of data
C:\VS Projects\EvoSim\EvoSim\src\Gui.cpp(57,29): warning C4244: 'argument': conversion from 'int' to 'float', possible loss of data
C:\VS Projects\EvoSim\EvoSim\src\Gui.cpp(62,30): warning C4244: 'argument': conversion from 'int' to 'float', possible loss of data
C:\VS Projects\EvoSim\EvoSim\src\Gui.cpp(62,21): warning C4244: 'argument': conversion from 'int' to 'float', possible loss of data
C:\VS Projects\EvoSim\EvoSim\src\Gui.cpp(74,22): error C2039: 'm_body': is not a member of 'Organism'
C:\VS Projects\EvoSim\EvoSim\src\Organism.h(23): message : see declaration of 'Organism'
C:\VS Projects\EvoSim\EvoSim\src\Gui.cpp(80,22): error C2039: 'm_body': is not a member of 'Organism'
C:\VS Projects\EvoSim\EvoSim\src\Organism.h(23): message : see declaration of 'Organism'
C:\VS Projects\EvoSim\EvoSim\src\Gui.cpp(88,37): warning C4244: 'argument': conversion from 'int' to 'float', possible loss of data
C:\VS Projects\EvoSim\EvoSim\src\Gui.cpp(91,48): warning C4244: 'argument': conversion from 'int' to 'float', possible loss of data
C:\VS Projects\EvoSim\EvoSim\src\Gui.cpp(91,33): warning C4244: 'argument': conversion from 'int' to 'float', possible loss of data
C:\VS Projects\EvoSim\EvoSim\src\Gui.cpp(122,27): warning C4018: '<': signed/unsigned mismatch
C:\VS Projects\EvoSim\EvoSim\src\Gui.cpp(142,27): warning C4018: '<': signed/unsigned mismatch
C:\VS Projects\EvoSim\EvoSim\src\Gui.cpp(293,23): warning C4018: '<': signed/unsigned mismatch
C:\VS Projects\EvoSim\EvoSim\src\Gui.cpp(333,52): error C2039: 'm_body': is not a member of 'Organism'
C:\VS Projects\EvoSim\EvoSim\src\Organism.h(23): message : see declaration of 'Organism'
C:\VS Projects\EvoSim\EvoSim\src\Gui.cpp(336,38): error C2039: 'm_body': is not a member of 'Organism'
C:\VS Projects\EvoSim\EvoSim\src\Organism.h(23): message : see declaration of 'Organism'
C:\VS Projects\EvoSim\EvoSim\src\Gui.cpp(340,38): error C2039: 'm_body': is not a member of 'Organism'
C:\VS Projects\EvoSim\EvoSim\src\Organism.h(23): message : see declaration of 'Organism'
C:\VS Projects\EvoSim\EvoSim\src\Gui.cpp(344,42): error C2039: 'm_body': is not a member of 'Organism'
C:\VS Projects\EvoSim\EvoSim\src\Organism.h(23): message : see declaration of 'Organism'
C:\VS Projects\EvoSim\EvoSim\src\Gui.cpp(345,42): error C2039: 'm_body': is not a member of 'Organism'
C:\VS Projects\EvoSim\EvoSim\src\Organism.h(23): message : see declaration of 'Organism'
C:\VS Projects\EvoSim\EvoSim\src\Gui.cpp(345,90): error C2039: 'm_body': is not a member of 'Organism'
C:\VS Projects\EvoSim\EvoSim\src\Organism.h(23): message : see declaration of 'Organism'
C:\VS Projects\EvoSim\EvoSim\src\Gui.cpp(345,153): error C2039: 'm_body': is not a member of 'Organism'
C:\VS Projects\EvoSim\EvoSim\src\Organism.h(23): message : see declaration of 'Organism'
C:\VS Projects\EvoSim\EvoSim\src\Gui.cpp(347,42): error C2039: 'm_body': is not a member of 'Organism'
C:\VS Projects\EvoSim\EvoSim\src\Organism.h(23): message : see declaration of 'Organism'
C:\VS Projects\EvoSim\EvoSim\src\Gui.cpp(348,42): error C2039: 'm_body': is not a member of 'Organism'
C:\VS Projects\EvoSim\EvoSim\src\Organism.h(23): message : see declaration of 'Organism'
C:\VS Projects\EvoSim\EvoSim\src\Gui.cpp(348,90): error C2039: 'm_body': is not a member of 'Organism'
C:\VS Projects\EvoSim\EvoSim\src\Organism.h(23): message : see declaration of 'Organism'
C:\VS Projects\EvoSim\EvoSim\src\Gui.cpp(348,143): error C2039: 'm_body': is not a member of 'Organism'
C:\VS Projects\EvoSim\EvoSim\src\Organism.h(23): message : see declaration of 'Organism'
C:\VS Projects\EvoSim\EvoSim\src\Gui.cpp(350,42): error C2039: 'm_body': is not a member of 'Organism'
C:\VS Projects\EvoSim\EvoSim\src\Organism.h(23): message : see declaration of 'Organism'
C:\VS Projects\EvoSim\EvoSim\src\Gui.cpp(351,42): error C2039: 'm_body': is not a member of 'Organism'
C:\VS Projects\EvoSim\EvoSim\src\Organism.h(23): message : see declaration of 'Organism'
C:\VS Projects\EvoSim\EvoSim\src\Gui.cpp(351,90): error C2039: 'm_body': is not a member of 'Organism'
C:\VS Projects\EvoSim\EvoSim\src\Organism.h(23): message : see declaration of 'Organism'
C:\VS Projects\EvoSim\EvoSim\src\Gui.cpp(351,153): error C2039: 'm_body': is not a member of 'Organism'
C:\VS Projects\EvoSim\EvoSim\src\Organism.h(23): message : see declaration of 'Organism'
C:\VS Projects\EvoSim\EvoSim\src\Gui.cpp(353,42): error C2039: 'm_body': is not a member of 'Organism'
C:\VS Projects\EvoSim\EvoSim\src\Organism.h(23): message : see declaration of 'Organism'
C:\VS Projects\EvoSim\EvoSim\src\Gui.cpp(354,42): error C2039: 'm_body': is not a member of 'Organism'
C:\VS Projects\EvoSim\EvoSim\src\Organism.h(23): message : see declaration of 'Organism'
C:\VS Projects\EvoSim\EvoSim\src\Gui.cpp(354,90): error C2039: 'm_body': is not a member of 'Organism'
C:\VS Projects\EvoSim\EvoSim\src\Organism.h(23): message : see declaration of 'Organism'
C:\VS Projects\EvoSim\EvoSim\src\Gui.cpp(354,143): error C2039: 'm_body': is not a member of 'Organism'
C:\VS Projects\EvoSim\EvoSim\src\Organism.h(23): message : see declaration of 'Organism'
C:\VS Projects\EvoSim\EvoSim\src\Gui.cpp(358,23): warning C4018: '<': signed/unsigned mismatch
  main.cpp
C:\VS Projects\EvoSim\EvoSim\src\Organism.h(34,9): error C2039: 'CircleShape': is not a member of 'sf'
C:\VS Projects\EvoSim\EvoSim\include\SFML\System\Vector3.hpp(29): message : see declaration of 'sf'
C:\VS Projects\EvoSim\EvoSim\src\Organism.h(34,21): error C3646: 'm_body': unknown override specifier
C:\VS Projects\EvoSim\EvoSim\src\Organism.h(34,27): error C4430: missing type specifier - int assumed. Note: C++ does not support default-int
  Organism.cpp
C:\VS Projects\EvoSim\EvoSim\src\Organism.h(34,9): error C2039: 'CircleShape': is not a member of 'sf'
C:\VS Projects\EvoSim\EvoSim\include\SFML\System\Vector3.hpp(29): message : see declaration of 'sf'
C:\VS Projects\EvoSim\EvoSim\src\Organism.h(34,21): error C3646: 'm_body': unknown override specifier
C:\VS Projects\EvoSim\EvoSim\src\Organism.h(34,27): error C4430: missing type specifier - int assumed. Note: C++ does not support default-int
C:\VS Projects\EvoSim\EvoSim\src\Organism.cpp(30,53): warning C4244: 'argument': conversion from 'int' to 'float', possible loss of data
C:\VS Projects\EvoSim\EvoSim\src\Organism.cpp(30,37): warning C4244: 'argument': conversion from 'int' to 'float', possible loss of data
C:\VS Projects\EvoSim\EvoSim\src\Organism.cpp(44,57): warning C4244: 'argument': conversion from 'int' to 'float', possible loss of data
C:\VS Projects\EvoSim\EvoSim\src\Organism.cpp(44,41): warning C4244: 'argument': conversion from 'int' to 'float', possible loss of data
C:\VS Projects\EvoSim\EvoSim\src\Organism.cpp(49,57): warning C4244: 'argument': conversion from 'int' to 'float', possible loss of data
C:\VS Projects\EvoSim\EvoSim\src\Organism.cpp(49,41): warning C4244: 'argument': conversion from 'int' to 'float', possible loss of data
C:\VS Projects\EvoSim\EvoSim\src\Organism.cpp(74,23): warning C4018: '<': signed/unsigned mismatch
C:\VS Projects\EvoSim\EvoSim\src\Organism.cpp(142,23): warning C4018: '<': signed/unsigned mismatch
C:\VS Projects\EvoSim\EvoSim\src\Organism.cpp(180,23): warning C4018: '<': signed/unsigned mismatch
C:\VS Projects\EvoSim\EvoSim\src\Organism.cpp(193,23): warning C4244: 'argument': conversion from 'int' to 'float', possible loss of data
C:\VS Projects\EvoSim\EvoSim\src\Organism.cpp(225,32): warning C4305: 'argument': truncation from 'double' to 'float'
C:\VS Projects\EvoSim\EvoSim\src\Organism.cpp(244,32): warning C4305: 'argument': truncation from 'double' to 'float'
C:\VS Projects\EvoSim\EvoSim\src\Organism.cpp(259,67): warning C4244: 'argument': conversion from 'double' to 'float', possible loss of data
C:\VS Projects\EvoSim\EvoSim\src\Organism.cpp(259,49): warning C4244: 'argument': conversion from 'double' to 'float', possible loss of data
